<?xml version="1.0" encoding="UTF-8"?>
<testng-results skipped="0" failed="0" ignored="0" total="1" passed="1">
  <reporter-output>
  </reporter-output>
  <suite name="PageObjectBasics" duration-ms="10198" started-at="2020-08-31T14:54:25 MST" finished-at="2020-08-31T14:54:35 MST">
    <groups>
    </groups>
    <test name="Login Test" duration-ms="10198" started-at="2020-08-31T14:54:25 MST" finished-at="2020-08-31T14:54:35 MST">
      <class name="com.w2a.testcases.LoginTest">
        <test-method status="PASS" signature="loginTest()[pri:0, instance:com.w2a.testcases.LoginTest@55120f99]" name="loginTest" duration-ms="9541" started-at="2020-08-31T14:54:25 MST" finished-at="2020-08-31T14:54:35 MST">
          <reporter-output>
          </reporter-output>
        </test-method> <!-- loginTest -->
      </class> <!-- com.w2a.testcases.LoginTest -->
    </test> <!-- Login Test -->
  </suite> <!-- PageObjectBasics -->
</testng-results>
